<?xml version="1.0" encoding="UTF-8"?>
<testng-results skipped="0" failed="0" ignored="0" total="1" passed="1">
  <reporter-output>
  </reporter-output>
  <suite name="Default suite" duration-ms="10978" started-at="2018-10-09T03:20:40Z" finished-at="2018-10-09T03:20:51Z">
    <groups>
    </groups>
    <test name="Default test" duration-ms="10978" started-at="2018-10-09T03:20:40Z" finished-at="2018-10-09T03:20:51Z">
      <class name="com.test.automationpractice.homepage.TC000_Template">
        <test-method status="PASS" signature="setUp()[pri:0, instance:com.test.automationpractice.homepage.TC000_Template@5cb9f472]" name="setUp" is-config="true" duration-ms="10637" started-at="2018-10-09T03:20:40Z" finished-at="2018-10-09T03:20:51Z">
          <reporter-output>
          </reporter-output>
        </test-method> <!-- setUp -->
        <test-method status="PASS" signature="verifyLoginWithInvalidCredentials()[pri:0, instance:com.test.automationpractice.homepage.TC000_Template@5cb9f472]" name="verifyLoginWithInvalidCredentials" duration-ms="7" started-at="2018-10-09T03:20:51Z" finished-at="2018-10-09T03:20:51Z">
          <reporter-output>
          </reporter-output>
        </test-method> <!-- verifyLoginWithInvalidCredentials -->
        <test-method status="PASS" signature="endTest()[pri:0, instance:com.test.automationpractice.homepage.TC000_Template@5cb9f472]" name="endTest" is-config="true" duration-ms="286" started-at="2018-10-09T03:20:51Z" finished-at="2018-10-09T03:20:51Z">
          <reporter-output>
          </reporter-output>
        </test-method> <!-- endTest -->
      </class> <!-- com.test.automationpractice.homepage.TC000_Template -->
    </test> <!-- Default test -->
  </suite> <!-- Default suite -->
</testng-results>
