<?xml version="1.0" encoding="UTF-8"?>
<!-- Generated by org.testng.reporters.JUnitXMLReporter -->
<testsuite hostname="DESKTOP-IO94VLH" ignored="0" name="Test" tests="1" failures="1" timestamp="24 Sep 2021 16:26:06 GMT" time="10.441" errors="0">
  <testcase name="takeScreenshotTest" time="0.014" classname="TestNG.ParameterTests">
    <failure type="junit.framework.AssertionFailedError" message="expected:&amp;lt;true&amp;gt; but was:&amp;lt;false&amp;gt;">
      <![CDATA[junit.framework.AssertionFailedError: expected:<true> but was:<false>
at junit.framework.Assert.fail(Assert.java:47)
at junit.framework.Assert.failNotEquals(Assert.java:282)
at junit.framework.Assert.assertEquals(Assert.java:64)
at junit.framework.Assert.assertEquals(Assert.java:149)
at junit.framework.Assert.assertEquals(Assert.java:155)
at TestNG.ParameterTests.takeScreenshotTest(ParameterTests.java:28)
... Removed 25 stack frames]]>
    </failure>
  </testcase> <!-- takeScreenshotTest -->
</testsuite> <!-- Test -->
